<?xml version="1.0" encoding="UTF-8"?>
<testng-results total="1" passed="1" failed="0" skipped="0">
  <reporter-output>
  </reporter-output>
  <suite started-at="2019-02-11T08:22:19Z" name="Suite" finished-at="2019-02-11T08:22:19Z" duration-ms="566">
    <groups>
    </groups>
    <test started-at="2019-02-11T08:22:19Z" name="Test" finished-at="2019-02-11T08:22:19Z" duration-ms="566">
      <class name="com.extent.reports.DemoExtentReport">
        <test-method signature="Test()[pri:0, instance:com.extent.reports.DemoExtentReport@130161f7]" started-at="2019-02-11T13:52:19Z" name="Test" finished-at="2019-02-11T13:52:19Z" duration-ms="210" status="PASS">
          <reporter-output>
          </reporter-output>
        </test-method> <!-- Test -->
        <test-method is-config="true" signature="AfterMeth(org.testng.ITestResult)[pri:0, instance:com.extent.reports.DemoExtentReport@130161f7]" started-at="2019-02-11T13:52:19Z" name="AfterMeth" finished-at="2019-02-11T13:52:19Z" duration-ms="341" status="PASS">
          <params>
            <param index="0">
              <value>
                <![CDATA[[TestResult name=Test status=SUCCESS method=DemoExtentReport.Test()[pri:0, instance:com.extent.reports.DemoExtentReport@130161f7] output={null}]]]>
              </value>
            </param>
          </params>
          <reporter-output>
          </reporter-output>
        </test-method> <!-- AfterMeth -->
      </class> <!-- com.extent.reports.DemoExtentReport -->
    </test> <!-- Test -->
  </suite> <!-- Suite -->
</testng-results>
