<?xml version="1.0" encoding="UTF-8"?>
<testng-results ignored="0" total="1" passed="1" failed="0" skipped="0">
  <reporter-output>
  </reporter-output>
  <suite started-at="2019-02-07T04:40:25Z" name="Default suite" finished-at="2019-02-07T04:41:00Z" duration-ms="34514">
    <groups>
    </groups>
    <test started-at="2019-02-07T04:40:25Z" name="Default test" finished-at="2019-02-07T04:41:00Z" duration-ms="34514">
      <class name="com.assignments.BlueStone4">
        <test-method is-config="true" signature="sProperty()[pri:0, instance:com.assignments.BlueStone4@45b4c3a9]" started-at="2019-02-07T04:40:25Z" name="sProperty" finished-at="2019-02-07T04:40:25Z" duration-ms="21" status="PASS">
          <reporter-output>
          </reporter-output>
        </test-method> <!-- sProperty -->
        <test-method signature="test()[pri:0, instance:com.assignments.BlueStone4@45b4c3a9]" started-at="2019-02-07T04:40:25Z" name="test" finished-at="2019-02-07T04:41:00Z" duration-ms="34452" status="PASS">
          <reporter-output>
          </reporter-output>
        </test-method> <!-- test -->
      </class> <!-- com.assignments.BlueStone4 -->
    </test> <!-- Default test -->
  </suite> <!-- Default suite -->
</testng-results>
